{"/Users/jakobtruong/coding/hack-reactor/rpp33/hr-rpp33-fec/fec/client/src/utils.js": {"path":"/Users/jakobtruong/coding/hack-reactor/rpp33/hr-rpp33-fec/fec/client/src/utils.js","statementMap":{"0":{"start":{"line":1,"column":27},"end":{"line":3,"column":1}},"1":{"start":{"line":2,"column":2},"end":{"line":2,"column":17}},"2":{"start":{"line":6,"column":26},"end":{"line":28,"column":1}},"3":{"start":{"line":7,"column":17},"end":{"line":20,"column":3}},"4":{"start":{"line":21,"column":15},"end":{"line":21,"column":32}},"5":{"start":{"line":22,"column":15},"end":{"line":22,"column":33}},"6":{"start":{"line":23,"column":14},"end":{"line":23,"column":28}},"7":{"start":{"line":24,"column":21},"end":{"line":24,"column":36}},"8":{"start":{"line":25,"column":20},"end":{"line":25,"column":38}},"9":{"start":{"line":27,"column":2},"end":{"line":27,"column":39}},"10":{"start":{"line":31,"column":23},"end":{"line":31,"column":51}}},"fnMap":{"0":{"name":"(anonymous_0)","decl":{"start":{"line":1,"column":27},"end":{"line":1,"column":28}},"loc":{"start":{"line":1,"column":33},"end":{"line":3,"column":1}},"line":1},"1":{"name":"(anonymous_1)","decl":{"start":{"line":6,"column":26},"end":{"line":6,"column":27}},"loc":{"start":{"line":6,"column":39},"end":{"line":28,"column":1}},"line":6},"2":{"name":"(anonymous_2)","decl":{"start":{"line":31,"column":23},"end":{"line":31,"column":24}},"loc":{"start":{"line":31,"column":49},"end":{"line":31,"column":51}},"line":31}},"branchMap":{},"s":{"0":1,"1":0,"2":1,"3":0,"4":0,"5":0,"6":0,"7":0,"8":0,"9":0,"10":1},"f":{"0":0,"1":0,"2":0},"b":{},"_coverageSchema":"1a1c01bbd47fc00a2c39e90264f33305004495a9","hash":"75ddd7b905843034937d8e7c9eaee2dcbbc29828"}
,"/Users/jakobtruong/coding/hack-reactor/rpp33/hr-rpp33-fec/fec/client/src/components/Overview/productInformation.jsx": {"path":"/Users/jakobtruong/coding/hack-reactor/rpp33/hr-rpp33-fec/fec/client/src/components/Overview/productInformation.jsx","statementMap":{"0":{"start":{"line":4,"column":22},"end":{"line":6,"column":1}},"1":{"start":{"line":7,"column":18},"end":{"line":13,"column":1}},"2":{"start":{"line":17,"column":4},"end":{"line":17,"column":17}},"3":{"start":{"line":22,"column":4},"end":{"line":33,"column":5}},"4":{"start":{"line":23,"column":6},"end":{"line":27,"column":15}},"5":{"start":{"line":29,"column":6},"end":{"line":32,"column":15}},"6":{"start":{"line":34,"column":4},"end":{"line":50,"column":6}}},"fnMap":{"0":{"name":"(anonymous_0)","decl":{"start":{"line":16,"column":2},"end":{"line":16,"column":3}},"loc":{"start":{"line":16,"column":21},"end":{"line":18,"column":3}},"line":16},"1":{"name":"(anonymous_1)","decl":{"start":{"line":20,"column":2},"end":{"line":20,"column":3}},"loc":{"start":{"line":20,"column":11},"end":{"line":51,"column":3}},"line":20}},"branchMap":{"0":{"loc":{"start":{"line":22,"column":4},"end":{"line":33,"column":5}},"type":"if","locations":[{"start":{"line":22,"column":4},"end":{"line":33,"column":5}},{"start":{"line":28,"column":11},"end":{"line":33,"column":5}}],"line":22}},"s":{"0":1,"1":1,"2":0,"3":0,"4":0,"5":0,"6":0},"f":{"0":0,"1":0},"b":{"0":[0,0]},"_coverageSchema":"1a1c01bbd47fc00a2c39e90264f33305004495a9","hash":"8097a76350ac50783231cab0ab76aae9d3fcd034"}
,"/Users/jakobtruong/coding/hack-reactor/rpp33/hr-rpp33-fec/fec/client/src/components/Overview/starRating.jsx": {"path":"/Users/jakobtruong/coding/hack-reactor/rpp33/hr-rpp33-fec/fec/client/src/components/Overview/starRating.jsx","statementMap":{"0":{"start":{"line":5,"column":4},"end":{"line":5,"column":17}},"1":{"start":{"line":9,"column":4},"end":{"line":13,"column":5}}},"fnMap":{"0":{"name":"(anonymous_0)","decl":{"start":{"line":4,"column":2},"end":{"line":4,"column":3}},"loc":{"start":{"line":4,"column":21},"end":{"line":6,"column":3}},"line":4},"1":{"name":"(anonymous_1)","decl":{"start":{"line":8,"column":2},"end":{"line":8,"column":3}},"loc":{"start":{"line":8,"column":11},"end":{"line":14,"column":3}},"line":8}},"branchMap":{},"s":{"0":0,"1":0},"f":{"0":0,"1":0},"b":{},"_coverageSchema":"1a1c01bbd47fc00a2c39e90264f33305004495a9","hash":"3a784cbc71203e87e2c27092f69e5917820da38b"}
,"/Users/jakobtruong/coding/hack-reactor/rpp33/hr-rpp33-fec/fec/client/src/components/Overview/styleSelector.jsx": {"path":"/Users/jakobtruong/coding/hack-reactor/rpp33/hr-rpp33-fec/fec/client/src/components/Overview/styleSelector.jsx","statementMap":{"0":{"start":{"line":3,"column":12},"end":{"line":9,"column":1}},"1":{"start":{"line":10,"column":29},"end":{"line":14,"column":1}},"2":{"start":{"line":15,"column":20},"end":{"line":20,"column":1}},"3":{"start":{"line":24,"column":4},"end":{"line":24,"column":17}},"4":{"start":{"line":29,"column":16},"end":{"line":29,"column":17}},"5":{"start":{"line":30,"column":23},"end":{"line":30,"column":25}},"6":{"start":{"line":31,"column":23},"end":{"line":31,"column":25}},"7":{"start":{"line":32,"column":23},"end":{"line":32,"column":25}},"8":{"start":{"line":33,"column":4},"end":{"line":42,"column":5}},"9":{"start":{"line":34,"column":6},"end":{"line":40,"column":7}},"10":{"start":{"line":35,"column":8},"end":{"line":35,"column":246}},"11":{"start":{"line":36,"column":13},"end":{"line":40,"column":7}},"12":{"start":{"line":37,"column":8},"end":{"line":37,"column":246}},"13":{"start":{"line":39,"column":8},"end":{"line":39,"column":246}},"14":{"start":{"line":41,"column":6},"end":{"line":41,"column":14}},"15":{"start":{"line":43,"column":4},"end":{"line":61,"column":6}}},"fnMap":{"0":{"name":"(anonymous_0)","decl":{"start":{"line":23,"column":2},"end":{"line":23,"column":3}},"loc":{"start":{"line":23,"column":21},"end":{"line":25,"column":3}},"line":23},"1":{"name":"(anonymous_1)","decl":{"start":{"line":28,"column":2},"end":{"line":28,"column":3}},"loc":{"start":{"line":28,"column":11},"end":{"line":62,"column":3}},"line":28}},"branchMap":{"0":{"loc":{"start":{"line":34,"column":6},"end":{"line":40,"column":7}},"type":"if","locations":[{"start":{"line":34,"column":6},"end":{"line":40,"column":7}},{"start":{"line":36,"column":13},"end":{"line":40,"column":7}}],"line":34},"1":{"loc":{"start":{"line":36,"column":13},"end":{"line":40,"column":7}},"type":"if","locations":[{"start":{"line":36,"column":13},"end":{"line":40,"column":7}},{"start":{"line":38,"column":13},"end":{"line":40,"column":7}}],"line":36},"2":{"loc":{"start":{"line":50,"column":9},"end":{"line":54,"column":10}},"type":"cond-expr","locations":[{"start":{"line":51,"column":8},"end":{"line":53,"column":14}},{"start":{"line":54,"column":8},"end":{"line":54,"column":10}}],"line":50},"3":{"loc":{"start":{"line":55,"column":9},"end":{"line":59,"column":10}},"type":"cond-expr","locations":[{"start":{"line":56,"column":8},"end":{"line":58,"column":14}},{"start":{"line":59,"column":8},"end":{"line":59,"column":10}}],"line":55}},"s":{"0":1,"1":1,"2":1,"3":0,"4":0,"5":0,"6":0,"7":0,"8":0,"9":0,"10":0,"11":0,"12":0,"13":0,"14":0,"15":0},"f":{"0":0,"1":0},"b":{"0":[0,0],"1":[0,0],"2":[0,0],"3":[0,0]},"_coverageSchema":"1a1c01bbd47fc00a2c39e90264f33305004495a9","hash":"aed299ef208651d57f329ef6be51bc6ff3739b75"}
,"/Users/jakobtruong/coding/hack-reactor/rpp33/hr-rpp33-fec/fec/client/src/components/QA/addQuestion.jsx": {"path":"/Users/jakobtruong/coding/hack-reactor/rpp33/hr-rpp33-fec/fec/client/src/components/QA/addQuestion.jsx","statementMap":{"0":{"start":{"line":6,"column":18},"end":{"line":15,"column":1}},"1":{"start":{"line":17,"column":15},"end":{"line":26,"column":1}},"2":{"start":{"line":30,"column":4},"end":{"line":30,"column":17}},"3":{"start":{"line":31,"column":4},"end":{"line":33,"column":5}},"4":{"start":{"line":34,"column":4},"end":{"line":34,"column":81}},"5":{"start":{"line":38,"column":4},"end":{"line":42,"column":6}},"6":{"start":{"line":41,"column":6},"end":{"line":41,"column":84}},"7":{"start":{"line":47,"column":4},"end":{"line":53,"column":5}}},"fnMap":{"0":{"name":"(anonymous_0)","decl":{"start":{"line":29,"column":2},"end":{"line":29,"column":3}},"loc":{"start":{"line":29,"column":21},"end":{"line":35,"column":3}},"line":29},"1":{"name":"(anonymous_1)","decl":{"start":{"line":37,"column":2},"end":{"line":37,"column":3}},"loc":{"start":{"line":37,"column":31},"end":{"line":43,"column":3}},"line":37},"2":{"name":"(anonymous_2)","decl":{"start":{"line":40,"column":7},"end":{"line":40,"column":8}},"loc":{"start":{"line":40,"column":12},"end":{"line":42,"column":5}},"line":40},"3":{"name":"(anonymous_3)","decl":{"start":{"line":46,"column":2},"end":{"line":46,"column":3}},"loc":{"start":{"line":46,"column":11},"end":{"line":54,"column":3}},"line":46}},"branchMap":{},"s":{"0":1,"1":1,"2":0,"3":0,"4":0,"5":0,"6":0,"7":0},"f":{"0":0,"1":0,"2":0,"3":0},"b":{},"_coverageSchema":"1a1c01bbd47fc00a2c39e90264f33305004495a9","hash":"f293368786e9354d90de9842fe4b7029eef567e1"}
,"/Users/jakobtruong/coding/hack-reactor/rpp33/hr-rpp33-fec/fec/client/src/components/QA/listView.jsx": {"path":"/Users/jakobtruong/coding/hack-reactor/rpp33/hr-rpp33-fec/fec/client/src/components/QA/listView.jsx","statementMap":{"0":{"start":{"line":7,"column":4},"end":{"line":7,"column":17}},"1":{"start":{"line":8,"column":4},"end":{"line":11,"column":5}},"2":{"start":{"line":12,"column":4},"end":{"line":12,"column":61}},"3":{"start":{"line":16,"column":23},"end":{"line":16,"column":50}},"4":{"start":{"line":17,"column":4},"end":{"line":17,"column":45}},"5":{"start":{"line":19,"column":4},"end":{"line":30,"column":5}},"6":{"start":{"line":20,"column":6},"end":{"line":29,"column":7}},"7":{"start":{"line":21,"column":8},"end":{"line":24,"column":10}},"8":{"start":{"line":26,"column":8},"end":{"line":28,"column":10}},"9":{"start":{"line":34,"column":26},"end":{"line":41,"column":6}},"10":{"start":{"line":36,"column":6},"end":{"line":40,"column":7}},"11":{"start":{"line":42,"column":28},"end":{"line":42,"column":72}},"12":{"start":{"line":43,"column":30},"end":{"line":43,"column":151}},"13":{"start":{"line":45,"column":4},"end":{"line":50,"column":5}}},"fnMap":{"0":{"name":"(anonymous_0)","decl":{"start":{"line":6,"column":2},"end":{"line":6,"column":3}},"loc":{"start":{"line":6,"column":21},"end":{"line":13,"column":3}},"line":6},"1":{"name":"(anonymous_1)","decl":{"start":{"line":15,"column":2},"end":{"line":15,"column":3}},"loc":{"start":{"line":15,"column":21},"end":{"line":31,"column":3}},"line":15},"2":{"name":"(anonymous_2)","decl":{"start":{"line":33,"column":2},"end":{"line":33,"column":3}},"loc":{"start":{"line":33,"column":12},"end":{"line":51,"column":3}},"line":33},"3":{"name":"(anonymous_3)","decl":{"start":{"line":34,"column":51},"end":{"line":34,"column":52}},"loc":{"start":{"line":34,"column":57},"end":{"line":41,"column":5}},"line":34}},"branchMap":{"0":{"loc":{"start":{"line":19,"column":4},"end":{"line":30,"column":5}},"type":"if","locations":[{"start":{"line":19,"column":4},"end":{"line":30,"column":5}},{"start":{},"end":{}}],"line":19},"1":{"loc":{"start":{"line":20,"column":6},"end":{"line":29,"column":7}},"type":"if","locations":[{"start":{"line":20,"column":6},"end":{"line":29,"column":7}},{"start":{"line":25,"column":13},"end":{"line":29,"column":7}}],"line":20},"2":{"loc":{"start":{"line":43,"column":30},"end":{"line":43,"column":151}},"type":"cond-expr","locations":[{"start":{"line":43,"column":59},"end":{"line":43,"column":65}},{"start":{"line":43,"column":68},"end":{"line":43,"column":151}}],"line":43}},"s":{"0":0,"1":0,"2":0,"3":0,"4":0,"5":0,"6":0,"7":0,"8":0,"9":0,"10":0,"11":0,"12":0,"13":0},"f":{"0":0,"1":0,"2":0,"3":0},"b":{"0":[0,0],"1":[0,0],"2":[0,0]},"_coverageSchema":"1a1c01bbd47fc00a2c39e90264f33305004495a9","hash":"d5adba537a1233a78b3fb388be659c117d72d81e"}
,"/Users/jakobtruong/coding/hack-reactor/rpp33/hr-rpp33-fec/fec/client/src/components/QA/questionListEntry.jsx": {"path":"/Users/jakobtruong/coding/hack-reactor/rpp33/hr-rpp33-fec/fec/client/src/components/QA/questionListEntry.jsx","statementMap":{"0":{"start":{"line":7,"column":18},"end":{"line":16,"column":1}},"1":{"start":{"line":20,"column":4},"end":{"line":20,"column":17}},"2":{"start":{"line":21,"column":4},"end":{"line":25,"column":5}},"3":{"start":{"line":26,"column":4},"end":{"line":26,"column":57}},"4":{"start":{"line":27,"column":4},"end":{"line":27,"column":51}},"5":{"start":{"line":28,"column":4},"end":{"line":28,"column":49}},"6":{"start":{"line":29,"column":4},"end":{"line":29,"column":81}},"7":{"start":{"line":33,"column":4},"end":{"line":37,"column":6}},"8":{"start":{"line":36,"column":6},"end":{"line":36,"column":84}},"9":{"start":{"line":41,"column":4},"end":{"line":41,"column":55}},"10":{"start":{"line":42,"column":23},"end":{"line":42,"column":69}},"11":{"start":{"line":43,"column":4},"end":{"line":43,"column":58}},"12":{"start":{"line":44,"column":4},"end":{"line":49,"column":5}},"13":{"start":{"line":45,"column":6},"end":{"line":48,"column":8}},"14":{"start":{"line":53,"column":17},"end":{"line":53,"column":70}},"15":{"start":{"line":53,"column":40},"end":{"line":53,"column":69}},"16":{"start":{"line":54,"column":22},"end":{"line":54,"column":24}},"17":{"start":{"line":55,"column":4},"end":{"line":60,"column":5}},"18":{"start":{"line":55,"column":17},"end":{"line":55,"column":18}},"19":{"start":{"line":56,"column":6},"end":{"line":59,"column":7}},"20":{"start":{"line":57,"column":8},"end":{"line":57,"column":36}},"21":{"start":{"line":58,"column":8},"end":{"line":58,"column":28}},"22":{"start":{"line":61,"column":4},"end":{"line":61,"column":45}},"23":{"start":{"line":62,"column":4},"end":{"line":62,"column":23}},"24":{"start":{"line":66,"column":19},"end":{"line":79,"column":5}},"25":{"start":{"line":80,"column":17},"end":{"line":80,"column":34}},"26":{"start":{"line":81,"column":17},"end":{"line":81,"column":35}},"27":{"start":{"line":82,"column":16},"end":{"line":82,"column":30}},"28":{"start":{"line":83,"column":23},"end":{"line":83,"column":38}},"29":{"start":{"line":84,"column":22},"end":{"line":84,"column":40}},"30":{"start":{"line":86,"column":4},"end":{"line":86,"column":41}},"31":{"start":{"line":91,"column":18},"end":{"line":91,"column":20}},"32":{"start":{"line":92,"column":16},"end":{"line":92,"column":34}},"33":{"start":{"line":93,"column":4},"end":{"line":95,"column":5}},"34":{"start":{"line":94,"column":6},"end":{"line":94,"column":38}},"35":{"start":{"line":97,"column":17},"end":{"line":97,"column":42}},"36":{"start":{"line":100,"column":21},"end":{"line":105,"column":5}},"37":{"start":{"line":101,"column":6},"end":{"line":104,"column":12}},"38":{"start":{"line":106,"column":26},"end":{"line":106,"column":74}},"39":{"start":{"line":107,"column":4},"end":{"line":111,"column":5}},"40":{"start":{"line":108,"column":30},"end":{"line":108,"column":140}},"41":{"start":{"line":110,"column":30},"end":{"line":110,"column":36}},"42":{"start":{"line":113,"column":4},"end":{"line":127,"column":5}}},"fnMap":{"0":{"name":"(anonymous_0)","decl":{"start":{"line":19,"column":2},"end":{"line":19,"column":3}},"loc":{"start":{"line":19,"column":21},"end":{"line":30,"column":3}},"line":19},"1":{"name":"(anonymous_1)","decl":{"start":{"line":32,"column":2},"end":{"line":32,"column":3}},"loc":{"start":{"line":32,"column":31},"end":{"line":38,"column":3}},"line":32},"2":{"name":"(anonymous_2)","decl":{"start":{"line":35,"column":7},"end":{"line":35,"column":8}},"loc":{"start":{"line":35,"column":12},"end":{"line":37,"column":5}},"line":35},"3":{"name":"(anonymous_3)","decl":{"start":{"line":40,"column":2},"end":{"line":40,"column":3}},"loc":{"start":{"line":40,"column":19},"end":{"line":50,"column":3}},"line":40},"4":{"name":"(anonymous_4)","decl":{"start":{"line":52,"column":2},"end":{"line":52,"column":3}},"loc":{"start":{"line":52,"column":23},"end":{"line":63,"column":3}},"line":52},"5":{"name":"(anonymous_5)","decl":{"start":{"line":53,"column":30},"end":{"line":53,"column":31}},"loc":{"start":{"line":53,"column":40},"end":{"line":53,"column":69}},"line":53},"6":{"name":"(anonymous_6)","decl":{"start":{"line":65,"column":2},"end":{"line":65,"column":3}},"loc":{"start":{"line":65,"column":22},"end":{"line":87,"column":3}},"line":65},"7":{"name":"(anonymous_7)","decl":{"start":{"line":90,"column":2},"end":{"line":90,"column":3}},"loc":{"start":{"line":90,"column":10},"end":{"line":128,"column":3}},"line":90},"8":{"name":"(anonymous_8)","decl":{"start":{"line":100,"column":32},"end":{"line":100,"column":33}},"loc":{"start":{"line":101,"column":6},"end":{"line":104,"column":12}},"line":101}},"branchMap":{"0":{"loc":{"start":{"line":44,"column":4},"end":{"line":49,"column":5}},"type":"if","locations":[{"start":{"line":44,"column":4},"end":{"line":49,"column":5}},{"start":{},"end":{}}],"line":44},"1":{"loc":{"start":{"line":56,"column":6},"end":{"line":59,"column":7}},"type":"if","locations":[{"start":{"line":56,"column":6},"end":{"line":59,"column":7}},{"start":{},"end":{}}],"line":56},"2":{"loc":{"start":{"line":107,"column":4},"end":{"line":111,"column":5}},"type":"if","locations":[{"start":{"line":107,"column":4},"end":{"line":111,"column":5}},{"start":{"line":109,"column":11},"end":{"line":111,"column":5}}],"line":107},"3":{"loc":{"start":{"line":108,"column":30},"end":{"line":108,"column":140}},"type":"cond-expr","locations":[{"start":{"line":108,"column":57},"end":{"line":108,"column":63}},{"start":{"line":108,"column":66},"end":{"line":108,"column":140}}],"line":108}},"s":{"0":1,"1":0,"2":0,"3":0,"4":0,"5":0,"6":0,"7":0,"8":0,"9":0,"10":0,"11":0,"12":0,"13":0,"14":0,"15":0,"16":0,"17":0,"18":0,"19":0,"20":0,"21":0,"22":0,"23":0,"24":0,"25":0,"26":0,"27":0,"28":0,"29":0,"30":0,"31":0,"32":0,"33":0,"34":0,"35":0,"36":0,"37":0,"38":0,"39":0,"40":0,"41":0,"42":0},"f":{"0":0,"1":0,"2":0,"3":0,"4":0,"5":0,"6":0,"7":0,"8":0},"b":{"0":[0,0],"1":[0,0],"2":[0,0],"3":[0,0]},"_coverageSchema":"1a1c01bbd47fc00a2c39e90264f33305004495a9","hash":"be020ea8d2e5f28e9b0716326c065f0a8feb7d5f"}
,"/Users/jakobtruong/coding/hack-reactor/rpp33/hr-rpp33-fec/fec/client/src/components/QA/sampleData.js": {"path":"/Users/jakobtruong/coding/hack-reactor/rpp33/hr-rpp33-fec/fec/client/src/components/QA/sampleData.js","statementMap":{"0":{"start":{"line":1,"column":29},"end":{"line":104,"column":1}},"1":{"start":{"line":106,"column":18},"end":{"line":136,"column":3}},"2":{"start":{"line":138,"column":2},"end":{"line":138,"column":42}}},"fnMap":{},"branchMap":{},"s":{"0":1,"1":1,"2":1},"f":{},"b":{},"_coverageSchema":"1a1c01bbd47fc00a2c39e90264f33305004495a9","hash":"23981e2bd03e1e7155b80c0664ff2ffc5a5dbf67"}
,"/Users/jakobtruong/coding/hack-reactor/rpp33/hr-rpp33-fec/fec/client/src/components/QA/searchBar.jsx": {"path":"/Users/jakobtruong/coding/hack-reactor/rpp33/hr-rpp33-fec/fec/client/src/components/QA/searchBar.jsx","statementMap":{"0":{"start":{"line":5,"column":4},"end":{"line":5,"column":17}},"1":{"start":{"line":6,"column":4},"end":{"line":9,"column":5}},"2":{"start":{"line":11,"column":4},"end":{"line":11,"column":53}},"3":{"start":{"line":12,"column":4},"end":{"line":12,"column":57}},"4":{"start":{"line":17,"column":4},"end":{"line":17,"column":23}},"5":{"start":{"line":18,"column":15},"end":{"line":18,"column":29}},"6":{"start":{"line":19,"column":4},"end":{"line":31,"column":5}},"7":{"start":{"line":20,"column":6},"end":{"line":24,"column":8}},"8":{"start":{"line":23,"column":8},"end":{"line":23,"column":50}},"9":{"start":{"line":26,"column":6},"end":{"line":30,"column":8}},"10":{"start":{"line":29,"column":8},"end":{"line":29,"column":50}},"11":{"start":{"line":35,"column":15},"end":{"line":35,"column":36}},"12":{"start":{"line":36,"column":23},"end":{"line":42,"column":6}},"13":{"start":{"line":37,"column":6},"end":{"line":41,"column":7}},"14":{"start":{"line":38,"column":8},"end":{"line":38,"column":19}},"15":{"start":{"line":39,"column":13},"end":{"line":41,"column":7}},"16":{"start":{"line":40,"column":8},"end":{"line":40,"column":19}},"17":{"start":{"line":43,"column":4},"end":{"line":43,"column":46}},"18":{"start":{"line":44,"column":4},"end":{"line":48,"column":5}},"19":{"start":{"line":45,"column":6},"end":{"line":45,"column":60}},"20":{"start":{"line":47,"column":6},"end":{"line":47,"column":59}},"21":{"start":{"line":52,"column":4},"end":{"line":60,"column":5}}},"fnMap":{"0":{"name":"(anonymous_0)","decl":{"start":{"line":4,"column":2},"end":{"line":4,"column":3}},"loc":{"start":{"line":4,"column":21},"end":{"line":14,"column":3}},"line":4},"1":{"name":"(anonymous_1)","decl":{"start":{"line":16,"column":2},"end":{"line":16,"column":3}},"loc":{"start":{"line":16,"column":18},"end":{"line":32,"column":3}},"line":16},"2":{"name":"(anonymous_2)","decl":{"start":{"line":22,"column":9},"end":{"line":22,"column":10}},"loc":{"start":{"line":22,"column":15},"end":{"line":24,"column":7}},"line":22},"3":{"name":"(anonymous_3)","decl":{"start":{"line":28,"column":9},"end":{"line":28,"column":10}},"loc":{"start":{"line":28,"column":15},"end":{"line":30,"column":7}},"line":28},"4":{"name":"(anonymous_4)","decl":{"start":{"line":34,"column":2},"end":{"line":34,"column":3}},"loc":{"start":{"line":34,"column":19},"end":{"line":49,"column":3}},"line":34},"5":{"name":"(anonymous_5)","decl":{"start":{"line":36,"column":51},"end":{"line":36,"column":52}},"loc":{"start":{"line":36,"column":60},"end":{"line":42,"column":5}},"line":36},"6":{"name":"(anonymous_6)","decl":{"start":{"line":51,"column":2},"end":{"line":51,"column":3}},"loc":{"start":{"line":51,"column":11},"end":{"line":61,"column":3}},"line":51}},"branchMap":{"0":{"loc":{"start":{"line":19,"column":4},"end":{"line":31,"column":5}},"type":"if","locations":[{"start":{"line":19,"column":4},"end":{"line":31,"column":5}},{"start":{"line":25,"column":11},"end":{"line":31,"column":5}}],"line":19},"1":{"loc":{"start":{"line":37,"column":6},"end":{"line":41,"column":7}},"type":"if","locations":[{"start":{"line":37,"column":6},"end":{"line":41,"column":7}},{"start":{"line":39,"column":13},"end":{"line":41,"column":7}}],"line":37},"2":{"loc":{"start":{"line":39,"column":13},"end":{"line":41,"column":7}},"type":"if","locations":[{"start":{"line":39,"column":13},"end":{"line":41,"column":7}},{"start":{},"end":{}}],"line":39},"3":{"loc":{"start":{"line":44,"column":4},"end":{"line":48,"column":5}},"type":"if","locations":[{"start":{"line":44,"column":4},"end":{"line":48,"column":5}},{"start":{"line":46,"column":11},"end":{"line":48,"column":5}}],"line":44}},"s":{"0":0,"1":0,"2":0,"3":0,"4":0,"5":0,"6":0,"7":0,"8":0,"9":0,"10":0,"11":0,"12":0,"13":0,"14":0,"15":0,"16":0,"17":0,"18":0,"19":0,"20":0,"21":0},"f":{"0":0,"1":0,"2":0,"3":0,"4":0,"5":0,"6":0},"b":{"0":[0,0],"1":[0,0],"2":[0,0],"3":[0,0]},"_coverageSchema":"1a1c01bbd47fc00a2c39e90264f33305004495a9","hash":"7ce367cdcd9592a72b8bba10e20e2cbad1c213af"}
,"/Users/jakobtruong/coding/hack-reactor/rpp33/hr-rpp33-fec/fec/client/src/components/QA/wrapper.jsx": {"path":"/Users/jakobtruong/coding/hack-reactor/rpp33/hr-rpp33-fec/fec/client/src/components/QA/wrapper.jsx","statementMap":{"0":{"start":{"line":9,"column":4},"end":{"line":9,"column":17}},"1":{"start":{"line":10,"column":4},"end":{"line":14,"column":5}},"2":{"start":{"line":15,"column":4},"end":{"line":15,"column":55}},"3":{"start":{"line":16,"column":4},"end":{"line":16,"column":73}},"4":{"start":{"line":17,"column":26},"end":{"line":17,"column":31}},"5":{"start":{"line":21,"column":4},"end":{"line":21,"column":52}},"6":{"start":{"line":23,"column":4},"end":{"line":38,"column":7}},"7":{"start":{"line":32,"column":8},"end":{"line":32,"column":44}},"8":{"start":{"line":33,"column":8},"end":{"line":33,"column":55}},"9":{"start":{"line":36,"column":8},"end":{"line":36,"column":52}},"10":{"start":{"line":43,"column":17},"end":{"line":43,"column":85}},"11":{"start":{"line":43,"column":37},"end":{"line":43,"column":84}},"12":{"start":{"line":45,"column":4},"end":{"line":45,"column":18}},"13":{"start":{"line":49,"column":4},"end":{"line":60,"column":5}},"14":{"start":{"line":50,"column":30},"end":{"line":50,"column":62}},"15":{"start":{"line":51,"column":6},"end":{"line":51,"column":32}},"16":{"start":{"line":52,"column":6},"end":{"line":54,"column":8}},"17":{"start":{"line":56,"column":6},"end":{"line":56,"column":33}},"18":{"start":{"line":57,"column":6},"end":{"line":59,"column":8}},"19":{"start":{"line":64,"column":4},"end":{"line":68,"column":5}},"20":{"start":{"line":65,"column":20},"end":{"line":65,"column":150}},"21":{"start":{"line":67,"column":20},"end":{"line":67,"column":146}},"22":{"start":{"line":70,"column":4},"end":{"line":77,"column":5}}},"fnMap":{"0":{"name":"(anonymous_0)","decl":{"start":{"line":8,"column":2},"end":{"line":8,"column":3}},"loc":{"start":{"line":8,"column":21},"end":{"line":18,"column":3}},"line":8},"1":{"name":"(anonymous_1)","decl":{"start":{"line":20,"column":2},"end":{"line":20,"column":3}},"loc":{"start":{"line":20,"column":22},"end":{"line":40,"column":3}},"line":20},"2":{"name":"(anonymous_2)","decl":{"start":{"line":31,"column":15},"end":{"line":31,"column":16}},"loc":{"start":{"line":31,"column":25},"end":{"line":34,"column":7}},"line":31},"3":{"name":"(anonymous_3)","decl":{"start":{"line":35,"column":13},"end":{"line":35,"column":14}},"loc":{"start":{"line":35,"column":22},"end":{"line":37,"column":7}},"line":35},"4":{"name":"(anonymous_4)","decl":{"start":{"line":42,"column":2},"end":{"line":42,"column":3}},"loc":{"start":{"line":42,"column":22},"end":{"line":46,"column":3}},"line":42},"5":{"name":"(anonymous_5)","decl":{"start":{"line":43,"column":27},"end":{"line":43,"column":28}},"loc":{"start":{"line":43,"column":37},"end":{"line":43,"column":84}},"line":43},"6":{"name":"(anonymous_6)","decl":{"start":{"line":48,"column":2},"end":{"line":48,"column":3}},"loc":{"start":{"line":48,"column":45},"end":{"line":61,"column":3}},"line":48},"7":{"name":"(anonymous_7)","decl":{"start":{"line":63,"column":2},"end":{"line":63,"column":3}},"loc":{"start":{"line":63,"column":11},"end":{"line":78,"column":3}},"line":63}},"branchMap":{"0":{"loc":{"start":{"line":49,"column":4},"end":{"line":60,"column":5}},"type":"if","locations":[{"start":{"line":49,"column":4},"end":{"line":60,"column":5}},{"start":{"line":55,"column":11},"end":{"line":60,"column":5}}],"line":49},"1":{"loc":{"start":{"line":64,"column":4},"end":{"line":68,"column":5}},"type":"if","locations":[{"start":{"line":64,"column":4},"end":{"line":68,"column":5}},{"start":{"line":66,"column":11},"end":{"line":68,"column":5}}],"line":64},"2":{"loc":{"start":{"line":65,"column":20},"end":{"line":65,"column":150}},"type":"cond-expr","locations":[{"start":{"line":65,"column":51},"end":{"line":65,"column":141}},{"start":{"line":65,"column":144},"end":{"line":65,"column":150}}],"line":65},"3":{"loc":{"start":{"line":67,"column":20},"end":{"line":67,"column":146}},"type":"cond-expr","locations":[{"start":{"line":67,"column":49},"end":{"line":67,"column":137}},{"start":{"line":67,"column":140},"end":{"line":67,"column":146}}],"line":67}},"s":{"0":0,"1":0,"2":0,"3":0,"4":0,"5":0,"6":0,"7":0,"8":0,"9":0,"10":0,"11":0,"12":0,"13":0,"14":0,"15":0,"16":0,"17":0,"18":0,"19":0,"20":0,"21":0,"22":0},"f":{"0":0,"1":0,"2":0,"3":0,"4":0,"5":0,"6":0,"7":0},"b":{"0":[0,0],"1":[0,0],"2":[0,0],"3":[0,0]},"_coverageSchema":"1a1c01bbd47fc00a2c39e90264f33305004495a9","hash":"a2d84a3252dee53bfe8e109e8cb872a88e854099"}
,"/Users/jakobtruong/coding/hack-reactor/rpp33/hr-rpp33-fec/fec/client/src/components/QA/Modals/addAnswerModal.jsx": {"path":"/Users/jakobtruong/coding/hack-reactor/rpp33/hr-rpp33-fec/fec/client/src/components/QA/Modals/addAnswerModal.jsx","statementMap":{"0":{"start":{"line":6,"column":19},"end":{"line":14,"column":1}},"1":{"start":{"line":15,"column":21},"end":{"line":26,"column":1}},"2":{"start":{"line":28,"column":21},"end":{"line":47,"column":1}},"3":{"start":{"line":48,"column":25},"end":{"line":57,"column":1}},"4":{"start":{"line":61,"column":4},"end":{"line":61,"column":17}},"5":{"start":{"line":62,"column":4},"end":{"line":66,"column":5}},"6":{"start":{"line":67,"column":4},"end":{"line":67,"column":53}},"7":{"start":{"line":68,"column":4},"end":{"line":68,"column":53}},"8":{"start":{"line":73,"column":4},"end":{"line":73,"column":23}},"9":{"start":{"line":74,"column":4},"end":{"line":74,"column":44}},"10":{"start":{"line":75,"column":4},"end":{"line":75,"column":50}},"11":{"start":{"line":78,"column":4},"end":{"line":82,"column":6}},"12":{"start":{"line":81,"column":6},"end":{"line":81,"column":72}},"13":{"start":{"line":86,"column":4},"end":{"line":86,"column":23}},"14":{"start":{"line":87,"column":17},"end":{"line":87,"column":34}},"15":{"start":{"line":88,"column":19},"end":{"line":88,"column":38}},"16":{"start":{"line":89,"column":16},"end":{"line":89,"column":32}},"17":{"start":{"line":90,"column":21},"end":{"line":90,"column":91}},"18":{"start":{"line":91,"column":4},"end":{"line":101,"column":5}},"19":{"start":{"line":92,"column":6},"end":{"line":92,"column":51}},"20":{"start":{"line":93,"column":11},"end":{"line":101,"column":5}},"21":{"start":{"line":94,"column":6},"end":{"line":94,"column":53}},"22":{"start":{"line":95,"column":11},"end":{"line":101,"column":5}},"23":{"start":{"line":96,"column":6},"end":{"line":96,"column":50}},"24":{"start":{"line":97,"column":11},"end":{"line":101,"column":5}},"25":{"start":{"line":98,"column":6},"end":{"line":98,"column":72}},"26":{"start":{"line":100,"column":6},"end":{"line":100,"column":35}},"27":{"start":{"line":106,"column":4},"end":{"line":130,"column":5}}},"fnMap":{"0":{"name":"(anonymous_0)","decl":{"start":{"line":60,"column":2},"end":{"line":60,"column":3}},"loc":{"start":{"line":60,"column":21},"end":{"line":70,"column":3}},"line":60},"1":{"name":"(anonymous_1)","decl":{"start":{"line":72,"column":2},"end":{"line":72,"column":3}},"loc":{"start":{"line":72,"column":18},"end":{"line":83,"column":3}},"line":72},"2":{"name":"(anonymous_2)","decl":{"start":{"line":80,"column":7},"end":{"line":80,"column":8}},"loc":{"start":{"line":80,"column":12},"end":{"line":82,"column":5}},"line":80},"3":{"name":"(anonymous_3)","decl":{"start":{"line":85,"column":2},"end":{"line":85,"column":3}},"loc":{"start":{"line":85,"column":18},"end":{"line":102,"column":3}},"line":85},"4":{"name":"(anonymous_4)","decl":{"start":{"line":104,"column":2},"end":{"line":104,"column":3}},"loc":{"start":{"line":104,"column":11},"end":{"line":131,"column":3}},"line":104}},"branchMap":{"0":{"loc":{"start":{"line":91,"column":4},"end":{"line":101,"column":5}},"type":"if","locations":[{"start":{"line":91,"column":4},"end":{"line":101,"column":5}},{"start":{"line":93,"column":11},"end":{"line":101,"column":5}}],"line":91},"1":{"loc":{"start":{"line":93,"column":11},"end":{"line":101,"column":5}},"type":"if","locations":[{"start":{"line":93,"column":11},"end":{"line":101,"column":5}},{"start":{"line":95,"column":11},"end":{"line":101,"column":5}}],"line":93},"2":{"loc":{"start":{"line":95,"column":11},"end":{"line":101,"column":5}},"type":"if","locations":[{"start":{"line":95,"column":11},"end":{"line":101,"column":5}},{"start":{"line":97,"column":11},"end":{"line":101,"column":5}}],"line":95},"3":{"loc":{"start":{"line":97,"column":11},"end":{"line":101,"column":5}},"type":"if","locations":[{"start":{"line":97,"column":11},"end":{"line":101,"column":5}},{"start":{"line":99,"column":11},"end":{"line":101,"column":5}}],"line":97},"4":{"loc":{"start":{"line":107,"column":9},"end":{"line":128,"column":16}},"type":"cond-expr","locations":[{"start":{"line":108,"column":8},"end":{"line":127,"column":21}},{"start":{"line":128,"column":12},"end":{"line":128,"column":16}}],"line":107}},"s":{"0":1,"1":1,"2":1,"3":1,"4":0,"5":0,"6":0,"7":0,"8":0,"9":0,"10":0,"11":0,"12":0,"13":0,"14":0,"15":0,"16":0,"17":0,"18":0,"19":0,"20":0,"21":0,"22":0,"23":0,"24":0,"25":0,"26":0,"27":0},"f":{"0":0,"1":0,"2":0,"3":0,"4":0},"b":{"0":[0,0],"1":[0,0],"2":[0,0],"3":[0,0],"4":[0,0]},"_coverageSchema":"1a1c01bbd47fc00a2c39e90264f33305004495a9","hash":"676bfbdd169ed5a30bdaeb05d1b0aab6663a9697"}
,"/Users/jakobtruong/coding/hack-reactor/rpp33/hr-rpp33-fec/fec/client/src/components/QA/Modals/addQuestionModal.jsx": {"path":"/Users/jakobtruong/coding/hack-reactor/rpp33/hr-rpp33-fec/fec/client/src/components/QA/Modals/addQuestionModal.jsx","statementMap":{"0":{"start":{"line":6,"column":19},"end":{"line":14,"column":1}},"1":{"start":{"line":15,"column":21},"end":{"line":26,"column":1}},"2":{"start":{"line":28,"column":21},"end":{"line":47,"column":1}},"3":{"start":{"line":48,"column":25},"end":{"line":57,"column":1}},"4":{"start":{"line":61,"column":4},"end":{"line":61,"column":17}},"5":{"start":{"line":62,"column":4},"end":{"line":66,"column":5}},"6":{"start":{"line":67,"column":4},"end":{"line":67,"column":53}},"7":{"start":{"line":68,"column":4},"end":{"line":68,"column":53}},"8":{"start":{"line":73,"column":4},"end":{"line":73,"column":23}},"9":{"start":{"line":74,"column":4},"end":{"line":74,"column":44}},"10":{"start":{"line":75,"column":4},"end":{"line":75,"column":50}},"11":{"start":{"line":78,"column":4},"end":{"line":82,"column":6}},"12":{"start":{"line":81,"column":6},"end":{"line":81,"column":72}},"13":{"start":{"line":86,"column":4},"end":{"line":86,"column":23}},"14":{"start":{"line":87,"column":19},"end":{"line":87,"column":38}},"15":{"start":{"line":88,"column":19},"end":{"line":88,"column":38}},"16":{"start":{"line":89,"column":16},"end":{"line":89,"column":32}},"17":{"start":{"line":90,"column":21},"end":{"line":90,"column":91}},"18":{"start":{"line":91,"column":4},"end":{"line":101,"column":5}},"19":{"start":{"line":92,"column":6},"end":{"line":92,"column":53}},"20":{"start":{"line":93,"column":11},"end":{"line":101,"column":5}},"21":{"start":{"line":94,"column":6},"end":{"line":94,"column":53}},"22":{"start":{"line":95,"column":11},"end":{"line":101,"column":5}},"23":{"start":{"line":96,"column":6},"end":{"line":96,"column":50}},"24":{"start":{"line":97,"column":11},"end":{"line":101,"column":5}},"25":{"start":{"line":98,"column":6},"end":{"line":98,"column":72}},"26":{"start":{"line":100,"column":6},"end":{"line":100,"column":35}},"27":{"start":{"line":107,"column":4},"end":{"line":131,"column":5}}},"fnMap":{"0":{"name":"(anonymous_0)","decl":{"start":{"line":60,"column":2},"end":{"line":60,"column":3}},"loc":{"start":{"line":60,"column":21},"end":{"line":70,"column":3}},"line":60},"1":{"name":"(anonymous_1)","decl":{"start":{"line":72,"column":2},"end":{"line":72,"column":3}},"loc":{"start":{"line":72,"column":18},"end":{"line":83,"column":3}},"line":72},"2":{"name":"(anonymous_2)","decl":{"start":{"line":80,"column":7},"end":{"line":80,"column":8}},"loc":{"start":{"line":80,"column":12},"end":{"line":82,"column":5}},"line":80},"3":{"name":"(anonymous_3)","decl":{"start":{"line":85,"column":2},"end":{"line":85,"column":3}},"loc":{"start":{"line":85,"column":18},"end":{"line":102,"column":3}},"line":85},"4":{"name":"(anonymous_4)","decl":{"start":{"line":105,"column":2},"end":{"line":105,"column":3}},"loc":{"start":{"line":105,"column":11},"end":{"line":132,"column":3}},"line":105}},"branchMap":{"0":{"loc":{"start":{"line":91,"column":4},"end":{"line":101,"column":5}},"type":"if","locations":[{"start":{"line":91,"column":4},"end":{"line":101,"column":5}},{"start":{"line":93,"column":11},"end":{"line":101,"column":5}}],"line":91},"1":{"loc":{"start":{"line":93,"column":11},"end":{"line":101,"column":5}},"type":"if","locations":[{"start":{"line":93,"column":11},"end":{"line":101,"column":5}},{"start":{"line":95,"column":11},"end":{"line":101,"column":5}}],"line":93},"2":{"loc":{"start":{"line":95,"column":11},"end":{"line":101,"column":5}},"type":"if","locations":[{"start":{"line":95,"column":11},"end":{"line":101,"column":5}},{"start":{"line":97,"column":11},"end":{"line":101,"column":5}}],"line":95},"3":{"loc":{"start":{"line":97,"column":11},"end":{"line":101,"column":5}},"type":"if","locations":[{"start":{"line":97,"column":11},"end":{"line":101,"column":5}},{"start":{"line":99,"column":11},"end":{"line":101,"column":5}}],"line":97},"4":{"loc":{"start":{"line":108,"column":9},"end":{"line":129,"column":16}},"type":"cond-expr","locations":[{"start":{"line":109,"column":8},"end":{"line":128,"column":21}},{"start":{"line":129,"column":12},"end":{"line":129,"column":16}}],"line":108}},"s":{"0":1,"1":1,"2":1,"3":1,"4":0,"5":0,"6":0,"7":0,"8":0,"9":0,"10":0,"11":0,"12":0,"13":0,"14":0,"15":0,"16":0,"17":0,"18":0,"19":0,"20":0,"21":0,"22":0,"23":0,"24":0,"25":0,"26":0,"27":0},"f":{"0":0,"1":0,"2":0,"3":0,"4":0},"b":{"0":[0,0],"1":[0,0],"2":[0,0],"3":[0,0],"4":[0,0]},"_coverageSchema":"1a1c01bbd47fc00a2c39e90264f33305004495a9","hash":"723e696d0aaea850401766597362d4e302898fa4"}
,"/Users/jakobtruong/coding/hack-reactor/rpp33/hr-rpp33-fec/fec/client/src/components/RelatedItems/wrapper.jsx": {"path":"/Users/jakobtruong/coding/hack-reactor/rpp33/hr-rpp33-fec/fec/client/src/components/RelatedItems/wrapper.jsx","statementMap":{"0":{"start":{"line":5,"column":4},"end":{"line":5,"column":17}},"1":{"start":{"line":9,"column":4},"end":{"line":12,"column":5}}},"fnMap":{"0":{"name":"(anonymous_0)","decl":{"start":{"line":4,"column":2},"end":{"line":4,"column":3}},"loc":{"start":{"line":4,"column":21},"end":{"line":6,"column":3}},"line":4},"1":{"name":"(anonymous_1)","decl":{"start":{"line":8,"column":2},"end":{"line":8,"column":3}},"loc":{"start":{"line":8,"column":11},"end":{"line":13,"column":3}},"line":8}},"branchMap":{},"s":{"0":2,"1":2},"f":{"0":2,"1":2},"b":{},"_coverageSchema":"1a1c01bbd47fc00a2c39e90264f33305004495a9","hash":"6b8b3228d71616332a290f98818e75eed5d6a5d8"}
,"/Users/jakobtruong/coding/hack-reactor/rpp33/hr-rpp33-fec/fec/client/src/components/Reviews/breakdown.jsx": {"path":"/Users/jakobtruong/coding/hack-reactor/rpp33/hr-rpp33-fec/fec/client/src/components/Reviews/breakdown.jsx","statementMap":{"0":{"start":{"line":10,"column":4},"end":{"line":10,"column":17}},"1":{"start":{"line":16,"column":4},"end":{"line":27,"column":5}},"2":{"start":{"line":17,"column":24},"end":{"line":17,"column":57}},"3":{"start":{"line":18,"column":24},"end":{"line":18,"column":25}},"4":{"start":{"line":19,"column":6},"end":{"line":19,"column":42}},"5":{"start":{"line":20,"column":6},"end":{"line":22,"column":7}},"6":{"start":{"line":21,"column":8},"end":{"line":21,"column":70}},"7":{"start":{"line":23,"column":6},"end":{"line":23,"column":57}},"8":{"start":{"line":25,"column":6},"end":{"line":26,"column":28}},"9":{"start":{"line":28,"column":4},"end":{"line":30,"column":5}}},"fnMap":{"0":{"name":"(anonymous_0)","decl":{"start":{"line":9,"column":2},"end":{"line":9,"column":3}},"loc":{"start":{"line":9,"column":21},"end":{"line":11,"column":3}},"line":9},"1":{"name":"(anonymous_1)","decl":{"start":{"line":13,"column":2},"end":{"line":13,"column":3}},"loc":{"start":{"line":13,"column":11},"end":{"line":31,"column":3}},"line":13}},"branchMap":{"0":{"loc":{"start":{"line":16,"column":4},"end":{"line":27,"column":5}},"type":"if","locations":[{"start":{"line":16,"column":4},"end":{"line":27,"column":5}},{"start":{},"end":{}}],"line":16},"1":{"loc":{"start":{"line":16,"column":8},"end":{"line":16,"column":61}},"type":"binary-expr","locations":[{"start":{"line":16,"column":8},"end":{"line":16,"column":34}},{"start":{"line":16,"column":38},"end":{"line":16,"column":61}}],"line":16}},"s":{"0":1,"1":1,"2":0,"3":0,"4":0,"5":0,"6":0,"7":0,"8":0,"9":1},"f":{"0":1,"1":1},"b":{"0":[0,1],"1":[1,0]},"_coverageSchema":"1a1c01bbd47fc00a2c39e90264f33305004495a9","hash":"9179f5351ca503dd95c9901dc003dd4b0d1efcd3"}
,"/Users/jakobtruong/coding/hack-reactor/rpp33/hr-rpp33-fec/fec/client/src/components/Reviews/globalStyles.js": {"path":"/Users/jakobtruong/coding/hack-reactor/rpp33/hr-rpp33-fec/fec/client/src/components/Reviews/globalStyles.js","statementMap":{"0":{"start":{"line":3,"column":27},"end":{"line":8,"column":1}}},"fnMap":{},"branchMap":{},"s":{"0":1},"f":{},"b":{},"_coverageSchema":"1a1c01bbd47fc00a2c39e90264f33305004495a9","hash":"ad94769287f721037926d23f209bea94d751c04c"}
,"/Users/jakobtruong/coding/hack-reactor/rpp33/hr-rpp33-fec/fec/client/src/components/Reviews/imgModal.jsx": {"path":"/Users/jakobtruong/coding/hack-reactor/rpp33/hr-rpp33-fec/fec/client/src/components/Reviews/imgModal.jsx","statementMap":{"0":{"start":{"line":7,"column":18},"end":{"line":7,"column":52}},"1":{"start":{"line":9,"column":18},"end":{"line":14,"column":1}},"2":{"start":{"line":16,"column":19},"end":{"line":24,"column":1}},"3":{"start":{"line":26,"column":21},"end":{"line":35,"column":1}},"4":{"start":{"line":37,"column":17},"end":{"line":42,"column":1}},"5":{"start":{"line":44,"column":25},"end":{"line":53,"column":1}},"6":{"start":{"line":57,"column":4},"end":{"line":57,"column":17}},"7":{"start":{"line":61,"column":4},"end":{"line":70,"column":5}}},"fnMap":{"0":{"name":"(anonymous_0)","decl":{"start":{"line":56,"column":2},"end":{"line":56,"column":3}},"loc":{"start":{"line":56,"column":21},"end":{"line":58,"column":3}},"line":56},"1":{"name":"(anonymous_1)","decl":{"start":{"line":60,"column":2},"end":{"line":60,"column":3}},"loc":{"start":{"line":60,"column":11},"end":{"line":71,"column":3}},"line":60}},"branchMap":{},"s":{"0":1,"1":1,"2":1,"3":1,"4":1,"5":1,"6":0,"7":0},"f":{"0":0,"1":0},"b":{},"_coverageSchema":"1a1c01bbd47fc00a2c39e90264f33305004495a9","hash":"6ce7327289966564d60400a70cc78268716e35c5"}
,"/Users/jakobtruong/coding/hack-reactor/rpp33/hr-rpp33-fec/fec/client/src/components/Reviews/list.jsx": {"path":"/Users/jakobtruong/coding/hack-reactor/rpp33/hr-rpp33-fec/fec/client/src/components/Reviews/list.jsx","statementMap":{"0":{"start":{"line":6,"column":4},"end":{"line":6,"column":17}},"1":{"start":{"line":11,"column":15},"end":{"line":11,"column":30}},"2":{"start":{"line":12,"column":18},"end":{"line":12,"column":36}},"3":{"start":{"line":13,"column":4},"end":{"line":26,"column":5}},"4":{"start":{"line":14,"column":6},"end":{"line":22,"column":11}},"5":{"start":{"line":25,"column":6},"end":{"line":25,"column":18}},"6":{"start":{"line":28,"column":4},"end":{"line":34,"column":5}}},"fnMap":{"0":{"name":"(anonymous_0)","decl":{"start":{"line":5,"column":2},"end":{"line":5,"column":3}},"loc":{"start":{"line":5,"column":21},"end":{"line":7,"column":3}},"line":5},"1":{"name":"(anonymous_1)","decl":{"start":{"line":9,"column":2},"end":{"line":9,"column":3}},"loc":{"start":{"line":9,"column":11},"end":{"line":35,"column":3}},"line":9}},"branchMap":{"0":{"loc":{"start":{"line":13,"column":4},"end":{"line":26,"column":5}},"type":"if","locations":[{"start":{"line":13,"column":4},"end":{"line":26,"column":5}},{"start":{"line":24,"column":11},"end":{"line":26,"column":5}}],"line":13}},"s":{"0":1,"1":1,"2":1,"3":1,"4":0,"5":1,"6":1},"f":{"0":1,"1":1},"b":{"0":[0,1]},"_coverageSchema":"1a1c01bbd47fc00a2c39e90264f33305004495a9","hash":"7372859c6ceb94021d5d18fb480bc861586a40e1"}
,"/Users/jakobtruong/coding/hack-reactor/rpp33/hr-rpp33-fec/fec/client/src/components/Reviews/tile.jsx": {"path":"/Users/jakobtruong/coding/hack-reactor/rpp33/hr-rpp33-fec/fec/client/src/components/Reviews/tile.jsx","statementMap":{"0":{"start":{"line":8,"column":18},"end":{"line":11,"column":1}},"1":{"start":{"line":17,"column":4},"end":{"line":17,"column":17}},"2":{"start":{"line":18,"column":4},"end":{"line":22,"column":5}},"3":{"start":{"line":23,"column":2},"end":{"line":23,"column":45}},"4":{"start":{"line":24,"column":2},"end":{"line":24,"column":53}},"5":{"start":{"line":25,"column":2},"end":{"line":25,"column":41}},"6":{"start":{"line":26,"column":2},"end":{"line":26,"column":55}},"7":{"start":{"line":30,"column":12},"end":{"line":50,"column":3}},"8":{"start":{"line":32,"column":20},"end":{"line":32,"column":33}},"9":{"start":{"line":34,"column":4},"end":{"line":49,"column":5}},"10":{"start":{"line":35,"column":6},"end":{"line":35,"column":28}},"11":{"start":{"line":38,"column":24},"end":{"line":38,"column":50}},"12":{"start":{"line":39,"column":22},"end":{"line":39,"column":60}},"13":{"start":{"line":41,"column":6},"end":{"line":48,"column":7}},"14":{"start":{"line":52,"column":19},"end":{"line":60,"column":3}},"15":{"start":{"line":53,"column":4},"end":{"line":59,"column":7}},"16":{"start":{"line":54,"column":6},"end":{"line":58,"column":7}},"17":{"start":{"line":55,"column":8},"end":{"line":55,"column":40}},"18":{"start":{"line":57,"column":8},"end":{"line":57,"column":40}},"19":{"start":{"line":62,"column":14},"end":{"line":64,"column":3}},"20":{"start":{"line":63,"column":4},"end":{"line":63,"column":75}},"21":{"start":{"line":66,"column":18},"end":{"line":68,"column":3}},"22":{"start":{"line":67,"column":4},"end":{"line":67,"column":67}},"23":{"start":{"line":71,"column":4},"end":{"line":71,"column":14}},"24":{"start":{"line":73,"column":21},"end":{"line":73,"column":459}},"25":{"start":{"line":74,"column":4},"end":{"line":126,"column":5}},"26":{"start":{"line":75,"column":26},"end":{"line":75,"column":55}},"27":{"start":{"line":76,"column":24},"end":{"line":76,"column":58}},"28":{"start":{"line":78,"column":6},"end":{"line":82,"column":7}},"29":{"start":{"line":79,"column":8},"end":{"line":81,"column":10}},"30":{"start":{"line":80,"column":10},"end":{"line":80,"column":96}},"31":{"start":{"line":83,"column":6},"end":{"line":93,"column":12}},"32":{"start":{"line":125,"column":6},"end":{"line":125,"column":38}},"33":{"start":{"line":127,"column":4},"end":{"line":127,"column":30}}},"fnMap":{"0":{"name":"(anonymous_0)","decl":{"start":{"line":16,"column":2},"end":{"line":16,"column":3}},"loc":{"start":{"line":16,"column":21},"end":{"line":27,"column":3}},"line":16},"1":{"name":"(anonymous_1)","decl":{"start":{"line":30,"column":12},"end":{"line":30,"column":13}},"loc":{"start":{"line":30,"column":39},"end":{"line":50,"column":3}},"line":30},"2":{"name":"(anonymous_2)","decl":{"start":{"line":52,"column":19},"end":{"line":52,"column":20}},"loc":{"start":{"line":52,"column":26},"end":{"line":60,"column":3}},"line":52},"3":{"name":"(anonymous_3)","decl":{"start":{"line":53,"column":64},"end":{"line":53,"column":65}},"loc":{"start":{"line":53,"column":70},"end":{"line":59,"column":5}},"line":53},"4":{"name":"(anonymous_4)","decl":{"start":{"line":62,"column":14},"end":{"line":62,"column":15}},"loc":{"start":{"line":62,"column":21},"end":{"line":64,"column":3}},"line":62},"5":{"name":"(anonymous_5)","decl":{"start":{"line":66,"column":18},"end":{"line":66,"column":19}},"loc":{"start":{"line":66,"column":24},"end":{"line":68,"column":3}},"line":66},"6":{"name":"(anonymous_6)","decl":{"start":{"line":70,"column":2},"end":{"line":70,"column":3}},"loc":{"start":{"line":70,"column":11},"end":{"line":128,"column":3}},"line":70},"7":{"name":"(anonymous_7)","decl":{"start":{"line":79,"column":42},"end":{"line":79,"column":43}},"loc":{"start":{"line":79,"column":53},"end":{"line":81,"column":9}},"line":79},"8":{"name":"(anonymous_8)","decl":{"start":{"line":130,"column":2},"end":{"line":130,"column":3}},"loc":{"start":{"line":130,"column":32},"end":{"line":132,"column":3}},"line":130}},"branchMap":{"0":{"loc":{"start":{"line":34,"column":4},"end":{"line":49,"column":5}},"type":"if","locations":[{"start":{"line":34,"column":4},"end":{"line":49,"column":5}},{"start":{"line":36,"column":11},"end":{"line":49,"column":5}}],"line":34},"1":{"loc":{"start":{"line":44,"column":35},"end":{"line":44,"column":81}},"type":"cond-expr","locations":[{"start":{"line":44,"column":64},"end":{"line":44,"column":72}},{"start":{"line":44,"column":75},"end":{"line":44,"column":81}}],"line":44},"2":{"loc":{"start":{"line":45,"column":88},"end":{"line":45,"column":135}},"type":"cond-expr","locations":[{"start":{"line":45,"column":117},"end":{"line":45,"column":124}},{"start":{"line":45,"column":127},"end":{"line":45,"column":135}}],"line":45},"3":{"loc":{"start":{"line":54,"column":6},"end":{"line":58,"column":7}},"type":"if","locations":[{"start":{"line":54,"column":6},"end":{"line":58,"column":7}},{"start":{"line":56,"column":13},"end":{"line":58,"column":7}}],"line":54},"4":{"loc":{"start":{"line":74,"column":4},"end":{"line":126,"column":5}},"type":"if","locations":[{"start":{"line":74,"column":4},"end":{"line":126,"column":5}},{"start":{"line":124,"column":11},"end":{"line":126,"column":5}}],"line":74},"5":{"loc":{"start":{"line":78,"column":6},"end":{"line":82,"column":7}},"type":"if","locations":[{"start":{"line":78,"column":6},"end":{"line":82,"column":7}},{"start":{},"end":{}}],"line":78},"6":{"loc":{"start":{"line":85,"column":9},"end":{"line":85,"column":135}},"type":"cond-expr","locations":[{"start":{"line":85,"column":38},"end":{"line":85,"column":128}},{"start":{"line":85,"column":131},"end":{"line":85,"column":135}}],"line":85},"7":{"loc":{"start":{"line":90,"column":9},"end":{"line":90,"column":89}},"type":"cond-expr","locations":[{"start":{"line":90,"column":35},"end":{"line":90,"column":82}},{"start":{"line":90,"column":85},"end":{"line":90,"column":89}}],"line":90},"8":{"loc":{"start":{"line":91,"column":9},"end":{"line":91,"column":85}},"type":"cond-expr","locations":[{"start":{"line":91,"column":34},"end":{"line":91,"column":79}},{"start":{"line":91,"column":81},"end":{"line":91,"column":85}}],"line":91}},"s":{"0":1,"1":1,"2":1,"3":1,"4":1,"5":1,"6":1,"7":1,"8":0,"9":0,"10":0,"11":0,"12":0,"13":0,"14":1,"15":0,"16":0,"17":0,"18":0,"19":1,"20":0,"21":1,"22":0,"23":1,"24":0,"25":0,"26":0,"27":0,"28":0,"29":0,"30":0,"31":0,"32":0,"33":0},"f":{"0":1,"1":0,"2":0,"3":0,"4":0,"5":0,"6":1,"7":0,"8":0},"b":{"0":[0,0],"1":[0,0],"2":[0,0],"3":[0,0],"4":[0,0],"5":[0,0],"6":[0,0],"7":[0,0],"8":[0,0]},"_coverageSchema":"1a1c01bbd47fc00a2c39e90264f33305004495a9","hash":"56a08d2697ac3f92b4a1cd014410404f8ccd9df9"}
,"/Users/jakobtruong/coding/hack-reactor/rpp33/hr-rpp33-fec/fec/client/src/components/Reviews/wrapper.jsx": {"path":"/Users/jakobtruong/coding/hack-reactor/rpp33/hr-rpp33-fec/fec/client/src/components/Reviews/wrapper.jsx","statementMap":{"0":{"start":{"line":9,"column":4},"end":{"line":9,"column":17}},"1":{"start":{"line":11,"column":4},"end":{"line":14,"column":5}},"2":{"start":{"line":19,"column":4},"end":{"line":26,"column":5}},"3":{"start":{"line":32,"column":4},"end":{"line":66,"column":5}},"4":{"start":{"line":33,"column":6},"end":{"line":49,"column":9}},"5":{"start":{"line":43,"column":10},"end":{"line":43,"column":39}},"6":{"start":{"line":44,"column":10},"end":{"line":44,"column":41}},"7":{"start":{"line":47,"column":10},"end":{"line":47,"column":54}},"8":{"start":{"line":52,"column":6},"end":{"line":65,"column":9}},"9":{"start":{"line":59,"column":10},"end":{"line":59,"column":48}},"10":{"start":{"line":60,"column":10},"end":{"line":60,"column":38}},"11":{"start":{"line":63,"column":10},"end":{"line":63,"column":54}}},"fnMap":{"0":{"name":"(anonymous_0)","decl":{"start":{"line":8,"column":2},"end":{"line":8,"column":3}},"loc":{"start":{"line":8,"column":21},"end":{"line":16,"column":3}},"line":8},"1":{"name":"(anonymous_1)","decl":{"start":{"line":18,"column":2},"end":{"line":18,"column":3}},"loc":{"start":{"line":18,"column":11},"end":{"line":27,"column":3}},"line":18},"2":{"name":"(anonymous_2)","decl":{"start":{"line":29,"column":2},"end":{"line":29,"column":3}},"loc":{"start":{"line":29,"column":22},"end":{"line":29,"column":24}},"line":29},"3":{"name":"(anonymous_3)","decl":{"start":{"line":31,"column":2},"end":{"line":31,"column":3}},"loc":{"start":{"line":31,"column":32},"end":{"line":67,"column":3}},"line":31},"4":{"name":"(anonymous_4)","decl":{"start":{"line":42,"column":17},"end":{"line":42,"column":18}},"loc":{"start":{"line":42,"column":27},"end":{"line":45,"column":9}},"line":42},"5":{"name":"(anonymous_5)","decl":{"start":{"line":46,"column":15},"end":{"line":46,"column":16}},"loc":{"start":{"line":46,"column":24},"end":{"line":48,"column":9}},"line":46},"6":{"name":"(anonymous_6)","decl":{"start":{"line":58,"column":17},"end":{"line":58,"column":18}},"loc":{"start":{"line":58,"column":27},"end":{"line":61,"column":9}},"line":58},"7":{"name":"(anonymous_7)","decl":{"start":{"line":62,"column":15},"end":{"line":62,"column":16}},"loc":{"start":{"line":62,"column":24},"end":{"line":64,"column":9}},"line":62}},"branchMap":{"0":{"loc":{"start":{"line":32,"column":4},"end":{"line":66,"column":5}},"type":"if","locations":[{"start":{"line":32,"column":4},"end":{"line":66,"column":5}},{"start":{},"end":{}}],"line":32}},"s":{"0":1,"1":1,"2":1,"3":0,"4":0,"5":0,"6":0,"7":0,"8":0,"9":0,"10":0,"11":0},"f":{"0":1,"1":1,"2":1,"3":0,"4":0,"5":0,"6":0,"7":0},"b":{"0":[0,0]},"_coverageSchema":"1a1c01bbd47fc00a2c39e90264f33305004495a9","hash":"644af378f5726dcc72a278fde4cf66de46264431"}
}
